<?xml version="1.0" encoding="UTF-8"?>
<testng-results skipped="0" failed="0" ignored="0" total="1" passed="1">
  <reporter-output>
  </reporter-output>
  <suite name="Default suite" duration-ms="64" started-at="2021-07-28T12:14:53 IST" finished-at="2021-07-28T12:14:54 IST">
    <groups>
    </groups>
    <test name="Default test" duration-ms="64" started-at="2021-07-28T12:14:53 IST" finished-at="2021-07-28T12:14:54 IST">
      <class name="com.basics.concept.Basics">
        <test-method status="PASS" signature="learning()[pri:0, instance:com.basics.concept.Basics@2b9627bc]" name="learning" duration-ms="13" started-at="2021-07-28T12:14:54 IST" finished-at="2021-07-28T12:14:54 IST">
          <reporter-output>
          </reporter-output>
        </test-method> <!-- learning -->
      </class> <!-- com.basics.concept.Basics -->
    </test> <!-- Default test -->
  </suite> <!-- Default suite -->
</testng-results>
